C:\USERS\ADMINISTRATOR\DESKTOP\PROCESSINFO\PROCESSINFO\DEBUG\PROCESSINFO.EXE
C:\USERS\ADMINISTRATOR\DESKTOP\PROCESSINFO\PROCESSINFO\DEBUG\PROCESSINFO.ILK
C:\USERS\ADMINISTRATOR\DESKTOP\PROCESSINFO\PROCESSINFO\DEBUG\PROCESSINFO.PDB
C:\Users\Administrator\Desktop\ProcessInfo\ProcessInfo\ProcessInfo\Debug\cl.command.1.tlog
C:\Users\Administrator\Desktop\ProcessInfo\ProcessInfo\ProcessInfo\Debug\CL.read.1.tlog
C:\Users\Administrator\Desktop\ProcessInfo\ProcessInfo\ProcessInfo\Debug\CL.write.1.tlog
C:\USERS\ADMINISTRATOR\DESKTOP\PROCESSINFO\PROCESSINFO\PROCESSINFO\DEBUG\INFO.OBJ
C:\Users\Administrator\Desktop\ProcessInfo\ProcessInfo\ProcessInfo\Debug\link.8416.read.1.tlog
C:\Users\Administrator\Desktop\ProcessInfo\ProcessInfo\ProcessInfo\Debug\link.8416.write.1.tlog
C:\Users\Administrator\Desktop\ProcessInfo\ProcessInfo\ProcessInfo\Debug\link.8416-cvtres.read.1.tlog
C:\Users\Administrator\Desktop\ProcessInfo\ProcessInfo\ProcessInfo\Debug\link.8416-cvtres.write.1.tlog
C:\Users\Administrator\Desktop\ProcessInfo\ProcessInfo\ProcessInfo\Debug\link.command.1.tlog
C:\Users\Administrator\Desktop\ProcessInfo\ProcessInfo\ProcessInfo\Debug\link.read.1.tlog
C:\Users\Administrator\Desktop\ProcessInfo\ProcessInfo\ProcessInfo\Debug\link.write.1.tlog
C:\Users\Administrator\Desktop\ProcessInfo\ProcessInfo\ProcessInfo\Debug\link-cvtres.read.1.tlog
C:\Users\Administrator\Desktop\ProcessInfo\ProcessInfo\ProcessInfo\Debug\link-cvtres.write.1.tlog
C:\USERS\ADMINISTRATOR\DESKTOP\PROCESSINFO\PROCESSINFO\PROCESSINFO\DEBUG\MAIN.OBJ
C:\Users\Administrator\Desktop\ProcessInfo\ProcessInfo\ProcessInfo\Debug\mt.command.1.tlog
C:\Users\Administrator\Desktop\ProcessInfo\ProcessInfo\ProcessInfo\Debug\mt.read.1.tlog
C:\Users\Administrator\Desktop\ProcessInfo\ProcessInfo\ProcessInfo\Debug\mt.write.1.tlog
C:\USERS\ADMINISTRATOR\DESKTOP\PROCESSINFO\PROCESSINFO\PROCESSINFO\DEBUG\PROCESSINFO.EXE.EMBED.MANIFEST
C:\USERS\ADMINISTRATOR\DESKTOP\PROCESSINFO\PROCESSINFO\PROCESSINFO\DEBUG\PROCESSINFO.EXE.EMBED.MANIFEST.RES
C:\USERS\ADMINISTRATOR\DESKTOP\PROCESSINFO\PROCESSINFO\PROCESSINFO\DEBUG\PROCESSINFO.EXE.INTERMEDIATE.MANIFEST
C:\Users\Administrator\Desktop\ProcessInfo\ProcessInfo\ProcessInfo\Debug\ProcessInfo.write.1.tlog
C:\Users\Administrator\Desktop\ProcessInfo\ProcessInfo\ProcessInfo\Debug\ProcessInfo_manifest.rc
C:\Users\Administrator\Desktop\ProcessInfo\ProcessInfo\ProcessInfo\Debug\rc.command.1.tlog
C:\Users\Administrator\Desktop\ProcessInfo\ProcessInfo\ProcessInfo\Debug\rc.read.1.tlog
C:\Users\Administrator\Desktop\ProcessInfo\ProcessInfo\ProcessInfo\Debug\rc.write.1.tlog
C:\Users\Administrator\Desktop\ProcessInfo\ProcessInfo\ProcessInfo\Debug\vc100.idb
C:\USERS\ADMINISTRATOR\DESKTOP\PROCESSINFO\PROCESSINFO\PROCESSINFO\DEBUG\VC100.PDB
